\BOOKMARK [0][-]{chapter.1}{Lecture Notes in Computer Science}{}% 1
\BOOKMARK [0][-]{chapter.1}{Authors' Instructions}{}% 2
\BOOKMARK [1][-]{section.1.1}{Einf\374hrung}{chapter.1}% 3
\BOOKMARK [1][-]{section.1.2}{Fragestellung}{chapter.1}% 4
\BOOKMARK [1][-]{section.1.3}{Zielsetzung}{chapter.1}% 5
\BOOKMARK [1][-]{section.1.4}{Anforderungen}{chapter.1}% 6
\BOOKMARK [2][-]{subsection.1.4.1}{Datenrepr\344sentation}{section.1.4}% 7
\BOOKMARK [2][-]{subsection.1.4.2}{Filtern}{section.1.4}% 8
\BOOKMARK [2][-]{subsection.1.4.3}{Meta-Informationen}{section.1.4}% 9
\BOOKMARK [2][-]{subsection.1.4.4}{Clustering}{section.1.4}% 10
\BOOKMARK [2][-]{subsection.1.4.5}{Effizienz}{section.1.4}% 11
\BOOKMARK [1][-]{section.1.5}{Data.js}{chapter.1}% 12
\BOOKMARK [2][-]{subsection.1.5.1}{Deklaratives Design}{section.1.5}% 13
\BOOKMARK [2][-]{subsection.1.5.2}{Datenformate}{section.1.5}% 14
\BOOKMARK [3][-]{section*.1}{Data.Graph}{subsection.1.5.2}% 15
\BOOKMARK [3][-]{section*.2}{Data.Collection}{subsection.1.5.2}% 16
\BOOKMARK [2][-]{subsection.1.5.3}{Interne Repr\344sentation als Graph}{section.1.5}% 17
\BOOKMARK [2][-]{subsection.1.5.4}{Verwendung}{section.1.5}% 18
\BOOKMARK [3][-]{section*.3}{Graph Manipulation}{subsection.1.5.4}% 19
\BOOKMARK [3][-]{section*.4}{Abfragen}{subsection.1.5.4}% 20
\BOOKMARK [3][-]{section*.5}{Clustering}{subsection.1.5.4}% 21
\BOOKMARK [3][-]{section*.6}{Type inspection}{subsection.1.5.4}% 22
\BOOKMARK [3][-]{section*.7}{Verarbeitung gro\337er Datenmengen}{subsection.1.5.4}% 23
\BOOKMARK [2][-]{subsection.1.5.5}{Data Transformers}{section.1.5}% 24
\BOOKMARK [1][-]{section.1.6}{Evaluierung}{chapter.1}% 25
\BOOKMARK [2][-]{subsection.1.6.1}{Datenrepr\344sentation}{section.1.6}% 26
\BOOKMARK [2][-]{subsection.1.6.2}{Meta-Informationen}{section.1.6}% 27
\BOOKMARK [2][-]{subsection.1.6.3}{Filtern}{section.1.6}% 28
\BOOKMARK [2][-]{subsection.1.6.4}{Clustering}{section.1.6}% 29
\BOOKMARK [1][-]{section.1.7}{Conclusio}{chapter.1}% 30
\BOOKMARK [1][-]{section.1.8}{Literatur}{chapter.1}% 31
